<?xml version="1.0" encoding="UTF-8"?>
<!-- Generated by org.testng.reporters.JUnitReportReporter -->
<testsuite hostname="DESKTOP-O16ND8T" failures="0" tests="1" name="com.saucedemo.testcases.TC_StandardUser_RemovingAndAddingInCart" time="49.327" errors="0" timestamp="2021-07-28T13:40:13 IST" skipped="0">
  <testcase classname="com.saucedemo.testcases.TC_StandardUser_RemovingAndAddingInCart" name="StandardUser_Removing" time="49.327"/>
  <system-out/>
</testsuite> <!-- com.saucedemo.testcases.TC_StandardUser_RemovingAndAddingInCart -->
