<?xml version="1.0" encoding="UTF-8"?>
<!-- Generated by org.testng.reporters.JUnitReportReporter -->
<testsuite hostname="DESKTOP-O16ND8T" failures="0" tests="1" name="com.saucedemo.testcases.TC_Entitlement_ProblemUser" time="34.097" errors="0" timestamp="2021-07-28T13:40:12 IST" skipped="0">
  <testcase classname="com.saucedemo.testcases.TC_Entitlement_ProblemUser" name="Login_StandardUser" time="34.097"/>
  <system-out/>
</testsuite> <!-- com.saucedemo.testcases.TC_Entitlement_ProblemUser -->
