<?xml version="1.0" encoding="UTF-8"?>
<!-- Generated by org.testng.reporters.JUnitReportReporter -->
<testsuite hostname="DESKTOP-O16ND8T" failures="0" tests="1" name="com.saucedemo.testcases.TC_PerformanceGlitchUser_AddToCart" time="58.776" errors="0" timestamp="2021-07-28T13:40:12 IST" skipped="0">
  <testcase classname="com.saucedemo.testcases.TC_PerformanceGlitchUser_AddToCart" name="Login_PerformanceGlitchUser" time="58.776"/>
  <system-out/>
</testsuite> <!-- com.saucedemo.testcases.TC_PerformanceGlitchUser_AddToCart -->
