<?xml version="1.0" encoding="UTF-8"?>
<!-- Generated by org.testng.reporters.JUnitReportReporter -->
<testsuite hostname="DESKTOP-O16ND8T" failures="0" tests="1" name="com.saucedemo.testcases.TC_NegativeCase_Login" time="9.377" errors="0" timestamp="2021-07-27T22:11:39 IST" skipped="0">
  <testcase classname="com.saucedemo.testcases.TC_NegativeCase_Login" name="Login_StandardUser" time="9.377"/>
  <system-out/>
</testsuite> <!-- com.saucedemo.testcases.TC_NegativeCase_Login -->
