<?xml version="1.0" encoding="UTF-8"?>
<!-- Generated by org.testng.reporters.JUnitReportReporter -->
<testsuite hostname="DESKTOP-O16ND8T" failures="0" tests="1" name="com.saucedemo.testcases.TC_Entitlement_ProblemUser" time="34.648" errors="0" timestamp="2021-07-28T17:25:58 IST" skipped="0">
  <testcase classname="com.saucedemo.testcases.TC_Entitlement_ProblemUser" name="ProblemUser_Login" time="34.648"/>
  <system-out/>
</testsuite> <!-- com.saucedemo.testcases.TC_Entitlement_ProblemUser -->
