<?xml version="1.0" encoding="UTF-8"?>
<!-- Generated by org.testng.reporters.JUnitReportReporter -->
<testsuite hostname="DESKTOP-O16ND8T" failures="0" tests="1" name="com.saucedemo.testcases.TC_StandadUser_AddToCartMultiple" time="28.759" errors="0" timestamp="2021-07-27T22:46:49 IST" skipped="0">
  <testcase classname="com.saucedemo.testcases.TC_StandadUser_AddToCartMultiple" name="StandardUser_Multiple" time="28.759"/>
  <system-out/>
</testsuite> <!-- com.saucedemo.testcases.TC_StandadUser_AddToCartMultiple -->
