<?xml version="1.0" encoding="UTF-8"?>
<!-- Generated by org.testng.reporters.JUnitReportReporter -->
<testsuite hostname="DESKTOP-O16ND8T" failures="0" tests="1" name="com.saucedemo.testcases.TC_StandardUser_Sort" time="114.383" errors="0" timestamp="2021-07-28T15:27:39 IST" skipped="0">
  <testcase classname="com.saucedemo.testcases.TC_StandardUser_Sort" name="StandardUser_Sort" time="114.383"/>
  <system-out/>
</testsuite> <!-- com.saucedemo.testcases.TC_StandardUser_Sort -->
