<?xml version="1.0" encoding="UTF-8"?>
<!-- Generated by org.testng.reporters.JUnitReportReporter -->
<testsuite hostname="DESKTOP-O16ND8T" failures="0" tests="1" name="com.saucedemo.testcases.TC_StandardUser_RemovingAndAddingInCart" time="28.031" errors="0" timestamp="2021-07-27T23:24:09 IST" skipped="0">
  <testcase classname="com.saucedemo.testcases.TC_StandardUser_RemovingAndAddingInCart" name="StandardUser_Multiple" time="28.031"/>
  <system-out/>
</testsuite> <!-- com.saucedemo.testcases.TC_StandardUser_RemovingAndAddingInCart -->
