<?xml version="1.0" encoding="UTF-8"?>
<!-- Generated by org.testng.reporters.JUnitReportReporter -->
<testsuite hostname="DESKTOP-O16ND8T" failures="0" tests="1" name="com.saucedemo.testcases.TC_NegativeCase_Login" time="7.285" errors="0" timestamp="2021-07-27T15:37:33 IST" skipped="0">
  <testcase classname="com.saucedemo.testcases.TC_NegativeCase_Login" name="Login_StandardUser" time="7.285"/>
  <system-out/>
</testsuite> <!-- com.saucedemo.testcases.TC_NegativeCase_Login -->
