<?xml version="1.0" encoding="UTF-8"?>
<!-- Generated by org.testng.reporters.JUnitReportReporter -->
<testsuite hostname="DESKTOP-O16ND8T" failures="0" tests="1" name="com.saucedemo.testcases.TC_PerformanceGlitchUser_AddToCart" time="38.125" errors="0" timestamp="2021-07-27T23:46:44 IST" skipped="0">
  <testcase classname="com.saucedemo.testcases.TC_PerformanceGlitchUser_AddToCart" name="Login_PerformanceGlitchUser" time="38.125"/>
  <system-out/>
</testsuite> <!-- com.saucedemo.testcases.TC_PerformanceGlitchUser_AddToCart -->
