<?xml version="1.0" encoding="UTF-8"?>
<!-- Generated by org.testng.reporters.JUnitReportReporter -->
<testsuite hostname="DESKTOP-O16ND8T" failures="0" tests="1" name="com.saucedemo.testcases.TC_PerformanceGlitchUser_Sort" time="65.842" errors="0" timestamp="2021-07-28T15:40:03 IST" skipped="0">
  <testcase classname="com.saucedemo.testcases.TC_PerformanceGlitchUser_Sort" name="PerformanceGlitchUser_Sort" time="65.842"/>
  <system-out/>
</testsuite> <!-- com.saucedemo.testcases.TC_PerformanceGlitchUser_Sort -->
