<?xml version="1.0" encoding="UTF-8"?>
<!-- Generated by org.testng.reporters.JUnitReportReporter -->
<testsuite hostname="DESKTOP-O16ND8T" failures="0" tests="1" name="com.saucedemo.testcases.TC_Entitlement_PerformanceGlitchUser" time="38.812" errors="0" timestamp="2021-07-28T17:25:58 IST" skipped="0">
  <testcase classname="com.saucedemo.testcases.TC_Entitlement_PerformanceGlitchUser" name="PerformanceGlitchUser_Login" time="38.812"/>
  <system-out/>
</testsuite> <!-- com.saucedemo.testcases.TC_Entitlement_PerformanceGlitchUser -->
