<?xml version="1.0" encoding="UTF-8"?>
<!-- Generated by org.testng.reporters.JUnitReportReporter -->
<testsuite hostname="DESKTOP-O16ND8T" failures="0" tests="1" name="com.saucedemo.testcases.TC_StandardUser_AddToCart" time="27.771" errors="0" timestamp="2021-07-27T21:57:53 IST" skipped="0">
  <testcase classname="com.saucedemo.testcases.TC_StandardUser_AddToCart" name="Login_StandardUser" time="27.771"/>
  <system-out/>
</testsuite> <!-- com.saucedemo.testcases.TC_StandardUser_AddToCart -->
