<?xml version="1.0" encoding="UTF-8"?>
<!-- Generated by org.testng.reporters.JUnitReportReporter -->
<testsuite hostname="DESKTOP-O16ND8T" failures="0" tests="1" name="com.saucedemo.testcases.TC_PerformanceGlitchUser_RemovingAndAddingInCart" time="61.729" errors="0" timestamp="2021-07-28T18:19:12 IST" skipped="0">
  <testcase classname="com.saucedemo.testcases.TC_PerformanceGlitchUser_RemovingAndAddingInCart" name="PerformanceGlitchUser_Removing" time="61.729"/>
  <system-out/>
</testsuite> <!-- com.saucedemo.testcases.TC_PerformanceGlitchUser_RemovingAndAddingInCart -->
