<?xml version="1.0" encoding="UTF-8"?>
<!-- Generated by org.testng.reporters.JUnitReportReporter -->
<testsuite hostname="DESKTOP-O16ND8T" failures="0" tests="1" name="com.saucedemo.testcases.TC_PerformanceGlitchUser_RemovingAndAddingInCart" time="59.109" errors="0" timestamp="2021-07-28T00:39:22 IST" skipped="0">
  <testcase classname="com.saucedemo.testcases.TC_PerformanceGlitchUser_RemovingAndAddingInCart" name="PerformanceGlitchUser_Removing" time="59.109"/>
  <system-out/>
</testsuite> <!-- com.saucedemo.testcases.TC_PerformanceGlitchUser_RemovingAndAddingInCart -->
